<?xml version="1.0" encoding="UTF-8"?>
<!-- Generated by org.testng.reporters.JUnitReportReporter -->
<testsuite hostname="QA-006" failures="0" tests="1" name="pages.Service_Mngt_page" time="1.202" errors="0" timestamp="2020-04-30T14:28:11 PKT" skipped="0">
  <testcase classname="pages.Service_Mngt_page" name="Service_management_Desktop" time="1.202"/>
  <system-out/>
</testsuite> <!-- pages.Service_Mngt_page -->
