<?xml version="1.0" encoding="UTF-8"?>
<!-- Generated by org.testng.reporters.JUnitReportReporter -->
<testsuite hostname="QA-006" failures="0" tests="2" name="pages.Agent_desk_page" time="1.238" errors="0" timestamp="2020-04-28T07:42:21 PKT" skipped="0">
  <testcase classname="pages.Agent_desk_page" name="anotherMethodTest" time="0.002"/>
  <system-out/>
  <testcase classname="pages.Agent_desk_page" name="Agent_Desktop" time="1.236"/>
  <system-out/>
</testsuite> <!-- pages.Agent_desk_page -->
