<?xml version="1.0" encoding="UTF-8"?>
<!-- Generated by org.testng.reporters.JUnitReportReporter -->
<testsuite hostname="QA-006" failures="0" tests="4" name="pages.Agent_desk_page" time="4.967" errors="0" timestamp="2020-05-13T22:29:03 PKT" skipped="0">
  <testcase classname="pages.Agent_desk_page" name="Agent_Desktop" time="1.092"/>
  <system-out/>
  <testcase classname="pages.Agent_desk_page" name="Enter_Caution_Message" time="0.639"/>
  <system-out/>
  <testcase classname="pages.Agent_desk_page" name="Agent_Desk_tick_Correct_Qs" time="0.863"/>
  <system-out/>
  <testcase classname="pages.Agent_desk_page" name="Agent_Desk_Session_box" time="2.373"/>
  <system-out/>
</testsuite> <!-- pages.Agent_desk_page -->
