<?xml version="1.0" encoding="UTF-8"?>
<!-- Generated by org.testng.reporters.JUnitReportReporter -->
<testsuite hostname="QA-006" failures="0" tests="7" name="pages.Service_Mngt_page" time="16.235" errors="0" timestamp="2020-05-14T16:37:25 PKT" skipped="0">
  <testcase classname="pages.Service_Mngt_page" name="Service_management_Desktop" time="0.548"/>
  <system-out/>
  <testcase classname="pages.Service_Mngt_page" name="Service_Mng_Add_new" time="7.193"/>
  <system-out/>
  <testcase classname="pages.Service_Mngt_page" name="Service_Mng_List_adding" time="1.155"/>
  <system-out/>
  <testcase classname="pages.Service_Mngt_page" name="Service_Mng_List_Delete" time="0.904"/>
  <system-out/>
  <testcase classname="pages.Service_Mngt_page" name="service_ColumnFunctions" time="1.574"/>
  <system-out/>
  <testcase classname="pages.Service_Mngt_page" name="service_FilterFunctions" time="4.570"/>
  <system-out/>
  <testcase classname="pages.Service_Mngt_page" name="Cases_ClickComplaintNo" time="0.291"/>
  <system-out/>
</testsuite> <!-- pages.Service_Mngt_page -->
