<?xml version="1.0" encoding="UTF-8"?>
<!-- Generated by org.testng.reporters.JUnitReportReporter -->
<testsuite hostname="QA-006" failures="0" tests="2" name="pages.Login_Logout_Page" time="0.020" errors="0" timestamp="2020-04-30T14:28:11 PKT" skipped="0">
  <testcase classname="pages.Login_Logout_Page" name="somethi1" time="0.004"/>
  <system-out/>
  <testcase classname="pages.Login_Logout_Page" name="somethi" time="0.016"/>
  <system-out/>
</testsuite> <!-- pages.Login_Logout_Page -->
