<?xml version="1.0" encoding="UTF-8"?>
<!-- Generated by org.testng.reporters.JUnitReportReporter -->
<testsuite hostname="QA-006" failures="0" tests="7" name="pages.Cases_page" time="15.196" errors="0" timestamp="2020-05-14T16:37:25 PKT" skipped="0">
  <testcase classname="pages.Cases_page" name="Case_Desktop_tab" time="0.371"/>
  <system-out/>
  <testcase classname="pages.Cases_page" name="Case_Fill_Add_new" time="5.338"/>
  <system-out/>
  <testcase classname="pages.Cases_page" name="Cases_List_adding" time="1.282"/>
  <system-out/>
  <testcase classname="pages.Cases_page" name="Cases_List_Delete" time="1.057"/>
  <system-out/>
  <testcase classname="pages.Cases_page" name="Cases_ColumnFunctions" time="2.334"/>
  <system-out/>
  <testcase classname="pages.Cases_page" name="Cases_FilterFunctions" time="4.500"/>
  <system-out/>
  <testcase classname="pages.Cases_page" name="Cases_ClickComplaintNo" time="0.314"/>
  <system-out/>
</testsuite> <!-- pages.Cases_page -->
