<?xml version="1.0" encoding="UTF-8"?>
<!-- Generated by org.testng.reporters.JUnitReportReporter -->
<testsuite hostname="QA-006" failures="0" tests="1" name="pages.Cases_page" time="0.831" errors="0" timestamp="2020-04-30T14:28:11 PKT" skipped="0">
  <testcase classname="pages.Cases_page" name="Case_Desktop_tab" time="0.831"/>
  <system-out/>
</testsuite> <!-- pages.Cases_page -->
