<?xml version="1.0" encoding="UTF-8"?>
<!-- Generated by org.testng.reporters.JUnitReportReporter -->
<testsuite hostname="QA-006" failures="0" tests="2" name="pages.Cases_page" time="2.747" errors="0" timestamp="2020-05-05T12:09:46 PKT" skipped="0">
  <testcase classname="pages.Cases_page" name="Case_Desktop_tab" time="0.547"/>
  <system-out/>
  <testcase classname="pages.Cases_page" name="Case_Add_new" time="2.200"/>
  <system-out/>
</testsuite> <!-- pages.Cases_page -->
