<?xml version="1.0" encoding="UTF-8"?>
<!-- Generated by org.testng.reporters.JUnitReportReporter -->
<testsuite hostname="QA-006" failures="0" tests="3" name="pages.Customer_page" time="32.220" errors="0" timestamp="2020-04-30T13:57:25 PKT" skipped="0">
  <testcase classname="pages.Customer_page" name="Customer_tab" time="1.598"/>
  <system-out/>
  <testcase classname="pages.Customer_page" name="Cust_Service_Req" time="15.008"/>
  <system-out/>
  <testcase classname="pages.Customer_page" name="Cust_Cases" time="15.614"/>
  <system-out/>
</testsuite> <!-- pages.Customer_page -->
