<?xml version="1.0" encoding="UTF-8"?>
<!-- Generated by org.testng.reporters.JUnitReportReporter -->
<testsuite hostname="QA-006" failures="0" tests="2" name="pages.Customer_page" time="6.995" errors="0" timestamp="2020-05-05T12:09:46 PKT" skipped="0">
  <testcase classname="pages.Customer_page" name="Customer_tab" time="0.953"/>
  <system-out/>
  <testcase classname="pages.Customer_page" name="Cust_Cases" time="6.042"/>
  <system-out/>
</testsuite> <!-- pages.Customer_page -->
