<?xml version="1.0" encoding="UTF-8"?>
<!-- Generated by org.testng.reporters.JUnitReportReporter -->
<testsuite hostname="QA-006" failures="0" tests="3" name="pages.Customer_page" time="45.839" errors="0" timestamp="2020-04-30T17:03:19 PKT" skipped="0">
  <testcase classname="pages.Customer_page" name="Customer_tab" time="4.691"/>
  <system-out/>
  <testcase classname="pages.Customer_page" name="Cust_Service_Req" time="20.081"/>
  <system-out/>
  <testcase classname="pages.Customer_page" name="Cust_Cases" time="21.067"/>
  <system-out/>
</testsuite> <!-- pages.Customer_page -->
