<?xml version="1.0" encoding="UTF-8"?>
<!-- Generated by org.testng.reporters.JUnitReportReporter -->
<testsuite hostname="QA-006" failures="0" tests="4" name="pages.Customer_page" time="19.778" errors="0" timestamp="2020-05-13T22:29:03 PKT" skipped="0">
  <testcase classname="pages.Customer_page" name="Customer_tab" time="5.517"/>
  <system-out/>
  <testcase classname="pages.Customer_page" name="Cust_Service_Req" time="3.852"/>
  <system-out/>
  <testcase classname="pages.Customer_page" name="Cust_Cases" time="3.051"/>
  <system-out/>
  <testcase classname="pages.Customer_page" name="Cust_GridFilters" time="7.358"/>
  <system-out/>
</testsuite> <!-- pages.Customer_page -->
