<?xml version="1.0" encoding="UTF-8"?>
<!-- Generated by org.testng.reporters.JUnitReportReporter -->
<testsuite hostname="QA-006" failures="0" tests="4" name="pages.Customer_page" time="62.860" errors="0" timestamp="2020-05-14T16:37:25 PKT" skipped="0">
  <testcase classname="pages.Customer_page" name="Customer_tab" time="10.874"/>
  <system-out/>
  <testcase classname="pages.Customer_page" name="Cust_Service_Req" time="40.956"/>
  <system-out/>
  <testcase classname="pages.Customer_page" name="Cust_Cases" time="3.353"/>
  <system-out/>
  <testcase classname="pages.Customer_page" name="Cust_GridFilters" time="7.677"/>
  <system-out/>
</testsuite> <!-- pages.Customer_page -->
