<?xml version="1.0" encoding="UTF-8"?>
<!-- Generated by org.testng.reporters.JUnitReportReporter -->
<testsuite hostname="QA-006" failures="0" tests="1" name="pages.Customer_page" time="0.230" errors="0" timestamp="2020-04-28T16:10:23 PKT" skipped="0">
  <testcase classname="pages.Customer_page" name="Customer_tab" time="0.230"/>
  <system-out/>
</testsuite> <!-- pages.Customer_page -->
