<?xml version="1.0" encoding="UTF-8"?>
<!-- Generated by org.testng.reporters.JUnitReportReporter -->
<testsuite hostname="QA-006" failures="0" tests="2" name="pages.Service_Mngt_page" time="7.809" errors="0" timestamp="2020-04-30T17:03:19 PKT" skipped="0">
  <testcase classname="pages.Service_Mngt_page" name="Service_management_Desktop" time="0.311"/>
  <system-out/>
  <testcase classname="pages.Service_Mngt_page" name="Service_Mng_Add_new" time="7.498"/>
  <system-out/>
</testsuite> <!-- pages.Service_Mngt_page -->
