<?xml version="1.0" encoding="UTF-8"?>
<!-- Generated by org.testng.reporters.JUnitReportReporter -->
<testsuite hostname="QA-006" failures="0" tests="6" name="pages.Cases_page" time="13.650" errors="0" timestamp="2020-05-13T22:29:03 PKT" skipped="0">
  <testcase classname="pages.Cases_page" name="Case_Desktop_tab" time="0.273"/>
  <system-out/>
  <testcase classname="pages.Cases_page" name="Case_Fill_Add_new" time="4.850"/>
  <system-out/>
  <testcase classname="pages.Cases_page" name="Cases_List_adding" time="1.172"/>
  <system-out/>
  <testcase classname="pages.Cases_page" name="Cases_List_Delete" time="1.015"/>
  <system-out/>
  <testcase classname="pages.Cases_page" name="Cases_ColumnFunctions" time="1.906"/>
  <system-out/>
  <testcase classname="pages.Cases_page" name="Cases_FilterFunctions" time="4.434"/>
  <system-out/>
</testsuite> <!-- pages.Cases_page -->
