<?xml version="1.0" encoding="UTF-8"?>
<!-- Generated by org.testng.reporters.JUnitReportReporter -->
<testsuite hostname="QA-006" failures="0" tests="6" name="pages.Service_Mngt_page" time="15.698" errors="0" timestamp="2020-05-13T22:29:03 PKT" skipped="0">
  <testcase classname="pages.Service_Mngt_page" name="Service_management_Desktop" time="0.225"/>
  <system-out/>
  <testcase classname="pages.Service_Mngt_page" name="Service_Mng_Add_new" time="7.346"/>
  <system-out/>
  <testcase classname="pages.Service_Mngt_page" name="Service_Mng_List_adding" time="1.211"/>
  <system-out/>
  <testcase classname="pages.Service_Mngt_page" name="Service_Mng_List_Delete" time="0.837"/>
  <system-out/>
  <testcase classname="pages.Service_Mngt_page" name="service_ColumnFunctions" time="1.474"/>
  <system-out/>
  <testcase classname="pages.Service_Mngt_page" name="service_FilterFunctions" time="4.605"/>
  <system-out/>
</testsuite> <!-- pages.Service_Mngt_page -->
