<?xml version="1.0" encoding="UTF-8"?>
<!-- Generated by org.testng.reporters.JUnitReportReporter -->
<testsuite hostname="QA-006" failures="0" tests="4" name="pages.Agent_desk_page" time="5.258" errors="0" timestamp="2020-05-14T16:37:25 PKT" skipped="0">
  <testcase classname="pages.Agent_desk_page" name="Agent_Desktop" time="1.145"/>
  <system-out/>
  <testcase classname="pages.Agent_desk_page" name="Enter_Caution_Message" time="0.606"/>
  <system-out/>
  <testcase classname="pages.Agent_desk_page" name="Agent_Desk_tick_Correct_Qs" time="0.899"/>
  <system-out/>
  <testcase classname="pages.Agent_desk_page" name="Agent_Desk_Session_box" time="2.608"/>
  <system-out/>
</testsuite> <!-- pages.Agent_desk_page -->
