<?xml version="1.0" encoding="UTF-8"?>
<!-- Generated by org.testng.reporters.JUnitReportReporter -->
<testsuite hostname="QA-006" failures="0" tests="2" name="pages.Service_Mngt_page" time="1.920" errors="0" timestamp="2020-05-05T12:09:46 PKT" skipped="0">
  <testcase classname="pages.Service_Mngt_page" name="Service_management_Desktop" time="0.277"/>
  <system-out/>
  <testcase classname="pages.Service_Mngt_page" name="Service_Mng_Add_new" time="1.643"/>
  <system-out/>
</testsuite> <!-- pages.Service_Mngt_page -->
