<?xml version="1.0" encoding="UTF-8"?>
<!-- Generated by org.testng.reporters.JUnitReportReporter -->
<testsuite hostname="QA-006" failures="0" tests="2" name="pages.Agent_desk_page" time="14.506" errors="0" timestamp="2020-04-30T17:03:19 PKT" skipped="0">
  <testcase classname="pages.Agent_desk_page" name="Agent_Desktop" time="4.553"/>
  <system-out/>
  <testcase classname="pages.Agent_desk_page" name="Agent_Desk_tick_Correct_Qs" time="9.953"/>
  <system-out/>
</testsuite> <!-- pages.Agent_desk_page -->
